Using pre-set license
Built from '2020.3/staging' branch; Version is '2020.3.11f1 (99c7afb366b3) revision 10078127'; Using compiler version '192528614'; Build Type 'Release'
OS: 'Windows 10 Home; OS build 18362.1082; Version 1903; 64bit' Language: 'fr' Physical Memory: 8075 MB
BatchMode: 1, IsHumanControllingUs: 0, StartBugReporterOnCrash: 0, Is64bit: 1, IsPro: 0

 COMMAND LINE ARGUMENTS:
C:\Program Files\Unity\Hub\Editor\2020.3.11f1\Editor\Unity.exe
-adb2
-batchMode
-noUpm
-name
AssetImportWorker3
-projectPath
C:/Users/Maxime/Documents/GitHub/GMTK-Game-Jam-2021/New Unity Project
-logFile
Logs/AssetImportWorker3.log
-srvPort
65452
Successfully changed project path to: C:/Users/Maxime/Documents/GitHub/GMTK-Game-Jam-2021/New Unity Project
C:/Users/Maxime/Documents/GitHub/GMTK-Game-Jam-2021/New Unity Project
Using Asset Import Pipeline V2.
Refreshing native plugins compatible for Editor in 57.36 ms, found 2 plugins.
Preloading 0 native plugins for Editor in 0.00 ms.
Initialize engine version: 2020.3.11f1 (99c7afb366b3)
[Subsystems] Discovering subsystems at path C:/Program Files/Unity/Hub/Editor/2020.3.11f1/Editor/Data/Resources/UnitySubsystems
[Subsystems] Discovering subsystems at path C:/Users/Maxime/Documents/GitHub/GMTK-Game-Jam-2021/New Unity Project/Assets
GfxDevice: creating device client; threaded=0
Direct3D:
    Version:  Direct3D 11.0 [level 11.1]
    Renderer: NVIDIA GeForce MX150 (ID=0x1d10)
    Vendor:   
    VRAM:     1983 MB
    Driver:   27.21.14.5655
Shader 'Universal Render Pipeline/Particles/Lit': fallback shader 'Universal Render Pipeline/Particles/SimpleLit' not found
Initialize mono
Mono path[0] = 'C:/Program Files/Unity/Hub/Editor/2020.3.11f1/Editor/Data/Managed'
Mono path[1] = 'C:/Program Files/Unity/Hub/Editor/2020.3.11f1/Editor/Data/MonoBleedingEdge/lib/mono/unityjit'
Mono config path = 'C:/Program Files/Unity/Hub/Editor/2020.3.11f1/Editor/Data/MonoBleedingEdge/etc'
Using monoOptions --debugger-agent=transport=dt_socket,embedding=1,server=y,suspend=n,address=127.0.0.1:56576
Begin MonoManager ReloadAssembly
Registering precompiled unity dll's ...
Register platform support module: C:/Program Files/Unity/Hub/Editor/2020.3.11f1/Editor/Data/PlaybackEngines/WindowsStandaloneSupport/UnityEditor.WindowsStandalone.Extensions.dll
Registered in 0.002510 seconds.
Native extension for WindowsStandalone target not found
Refreshing native plugins compatible for Editor in 56.50 ms, found 2 plugins.
Preloading 0 native plugins for Editor in 0.00 ms.
Mono: successfully reloaded assembly
- Completed reload, in  2.782 seconds
Platform modules already initialized, skipping
Registering precompiled user dll's ...
Registered in 0.007302 seconds.
Begin MonoManager ReloadAssembly
Native extension for WindowsStandalone target not found
Refreshing native plugins compatible for Editor in 57.01 ms, found 2 plugins.
Preloading 0 native plugins for Editor in 0.00 ms.
Mono: successfully reloaded assembly
- Completed reload, in  1.646 seconds
Platform modules already initialized, skipping
========================================================================
Worker process is ready to serve import requests
Shader 'Universal Render Pipeline/Particles/Lit': fallback shader 'Universal Render Pipeline/Particles/SimpleLit' not found
Launched and connected shader compiler UnityShaderCompiler.exe after 0.24 seconds
Refreshing native plugins compatible for Editor in 0.80 ms, found 2 plugins.
Preloading 0 native plugins for Editor in 0.00 ms.
Unloading 2641 Unused Serialized files (Serialized files now loaded: 0)
System memory in use before: 117.5 MB.
System memory in use after: 117.8 MB.

Unloading 18 unused Assets to reduce memory usage. Loaded Objects now: 3076.
Total: 2.948100 ms (FindLiveObjects: 0.348000 ms CreateObjectMapping: 0.168400 ms MarkObjects: 2.399500 ms  DeleteObjects: 0.030600 ms)

========================================================================
Received Import Request.
  path: Assets/Art/Characters/Human-Template.png
  artifactKey: Guid(f0ad0d19e188ffe43badb043e50ffae5) Importer(815301076,1909f56bfc062723c751e8b465ee728b)
Start importing Assets/Art/Characters/Human-Template.png using Guid(f0ad0d19e188ffe43badb043e50ffae5) Importer(815301076,1909f56bfc062723c751e8b465ee728b)  -> (artifact id: '95f280e507cf13e6c43b930eb9fd5d2b') in 0.690442 seconds
  Import took 0.876622 seconds .

========================================================================
Received Import Request.
  Time since last request: 0.000377 seconds.
  path: Assets/Art/Characters/Ghost-Template.png
  artifactKey: Guid(19933e13bb011344d85ca79606a96871) Importer(815301076,1909f56bfc062723c751e8b465ee728b)
Start importing Assets/Art/Characters/Ghost-Template.png using Guid(19933e13bb011344d85ca79606a96871) Importer(815301076,1909f56bfc062723c751e8b465ee728b)  -> (artifact id: 'e560f6d27d0289bca3949f997aedc7ce') in 0.017227 seconds
  Import took 0.114922 seconds .

========================================================================
Received Import Request.
  Time since last request: 0.000378 seconds.
  path: Assets/Art
  artifactKey: Guid(ecb3ad6ce3e41ef42a120fc376891a6e) Importer(815301076,1909f56bfc062723c751e8b465ee728b)
Start importing Assets/Art using Guid(ecb3ad6ce3e41ef42a120fc376891a6e) Importer(815301076,1909f56bfc062723c751e8b465ee728b)  -> (artifact id: '031defbbbfa18dd2d4549ba2883bdc8c') in 0.002804 seconds
  Import took 0.128997 seconds .

========================================================================
Received Import Request.
  Time since last request: 0.000348 seconds.
  path: Assets/Scripts/Tether.cs
  artifactKey: Guid(ff370b901a2ce4243b14dc824ab118a4) Importer(815301076,1909f56bfc062723c751e8b465ee728b)
Start importing Assets/Scripts/Tether.cs using Guid(ff370b901a2ce4243b14dc824ab118a4) Importer(815301076,1909f56bfc062723c751e8b465ee728b)  -> (artifact id: '52267e006fb4aaa82caacebfb4113d4d') in 0.280951 seconds
  Import took 0.384968 seconds .

========================================================================
Received Import Request.
  Time since last request: 0.000292 seconds.
  path: Assets/Art/Characters
  artifactKey: Guid(f72a86be48374b34ab44adf25b80f3de) Importer(815301076,1909f56bfc062723c751e8b465ee728b)
Start importing Assets/Art/Characters using Guid(f72a86be48374b34ab44adf25b80f3de) Importer(815301076,1909f56bfc062723c751e8b465ee728b)  -> (artifact id: '6028ab770acc1f8522312624a612850b') in 0.006277 seconds
  Import took 0.034200 seconds .

========================================================================
Received Import Request.
  Time since last request: 0.000460 seconds.
  path: Assets/Scripts
  artifactKey: Guid(2bfb547f48ce4fb44b0391cffcd81c54) Importer(815301076,1909f56bfc062723c751e8b465ee728b)
Start importing Assets/Scripts using Guid(2bfb547f48ce4fb44b0391cffcd81c54) Importer(815301076,1909f56bfc062723c751e8b465ee728b)  -> (artifact id: '5846f91e228a0c8484293b860a34b2c6') in 0.004525 seconds
  Import took 0.042751 seconds .

========================================================================
Received Import Request.
  Time since last request: 0.000297 seconds.
  path: Assets/Test.mat
  artifactKey: Guid(401a91803bd3c554c904b084e8dffbb3) Importer(815301076,1909f56bfc062723c751e8b465ee728b)
Start importing Assets/Test.mat using Guid(401a91803bd3c554c904b084e8dffbb3) Importer(815301076,1909f56bfc062723c751e8b465ee728b)  -> (artifact id: 'af7099ce397b68b40639f29732b19c01') in 0.738465 seconds
  Import took 0.926935 seconds .

========================================================================
Received Import Request.
  Time since last request: 67.416849 seconds.
  path: Assets/Scenes
  artifactKey: Guid(4f42f9f69d96d4e44b3091641e987e8c) Importer(815301076,1909f56bfc062723c751e8b465ee728b)
Start importing Assets/Scenes using Guid(4f42f9f69d96d4e44b3091641e987e8c) Importer(815301076,1909f56bfc062723c751e8b465ee728b)  -> (artifact id: '62ed9803cd2b0e889fbaae5c4043e2bb') in 0.006820 seconds
  Import took 0.153458 seconds .

========================================================================
Received Import Request.
  Time since last request: 100.365246 seconds.
  path: Assets/Scripts/Link.cs
  artifactKey: Guid(eee4fc2c77ccc8b4e9e3931c3010271c) Importer(815301076,1909f56bfc062723c751e8b465ee728b)
Start importing Assets/Scripts/Link.cs using Guid(eee4fc2c77ccc8b4e9e3931c3010271c) Importer(815301076,1909f56bfc062723c751e8b465ee728b)  -> (artifact id: '2bc6fc5843f87364cf5a7505998b40a3') in 0.003838 seconds
  Import took 0.107127 seconds .

========================================================================
Received Prepare
Registering precompiled user dll's ...
Registered in 0.007917 seconds.
Begin MonoManager ReloadAssembly
Native extension for WindowsStandalone target not found
Refreshing native plugins compatible for Editor in 0.48 ms, found 2 plugins.
Preloading 0 native plugins for Editor in 0.00 ms.
Mono: successfully reloaded assembly
- Completed reload, in  1.203 seconds
Platform modules already initialized, skipping
Shader 'Universal Render Pipeline/Particles/Lit': fallback shader 'Universal Render Pipeline/Particles/SimpleLit' not found
Refreshing native plugins compatible for Editor in 0.63 ms, found 2 plugins.
Preloading 0 native plugins for Editor in 0.00 ms.
Unloading 2581 Unused Serialized files (Serialized files now loaded: 0)
System memory in use before: 115.2 MB.
System memory in use after: 115.5 MB.

Unloading 14 unused Assets to reduce memory usage. Loaded Objects now: 3123.
Total: 17.985200 ms (FindLiveObjects: 0.282200 ms CreateObjectMapping: 0.141500 ms MarkObjects: 17.536500 ms  DeleteObjects: 0.023400 ms)

========================================================================
Received Prepare
Registering precompiled user dll's ...
Registered in 0.016514 seconds.
Begin MonoManager ReloadAssembly
Native extension for WindowsStandalone target not found
Refreshing native plugins compatible for Editor in 0.53 ms, found 2 plugins.
Preloading 0 native plugins for Editor in 0.00 ms.
Mono: successfully reloaded assembly
- Completed reload, in  1.185 seconds
Platform modules already initialized, skipping
Shader 'Universal Render Pipeline/Particles/Lit': fallback shader 'Universal Render Pipeline/Particles/SimpleLit' not found
Refreshing native plugins compatible for Editor in 0.73 ms, found 2 plugins.
Preloading 0 native plugins for Editor in 0.00 ms.
Unloading 2580 Unused Serialized files (Serialized files now loaded: 0)
System memory in use before: 115.3 MB.
System memory in use after: 115.5 MB.

Unloading 14 unused Assets to reduce memory usage. Loaded Objects now: 3126.
Total: 2.682000 ms (FindLiveObjects: 0.264800 ms CreateObjectMapping: 0.135200 ms MarkObjects: 2.260000 ms  DeleteObjects: 0.020700 ms)

========================================================================
Received Import Request.
  Time since last request: 62.723706 seconds.
  path: Assets/Scripts/Ghost.cs
  artifactKey: Guid(c02f58c5c317e9e4393b2d79a12c1580) Importer(815301076,1909f56bfc062723c751e8b465ee728b)
Start importing Assets/Scripts/Ghost.cs using Guid(c02f58c5c317e9e4393b2d79a12c1580) Importer(815301076,1909f56bfc062723c751e8b465ee728b)  -> (artifact id: '23d115d97fcc3d3ac2b39dd911ec6536') in 0.015004 seconds
  Import took 0.024580 seconds .

========================================================================
Received Prepare
Registering precompiled user dll's ...
Registered in 0.007171 seconds.
Begin MonoManager ReloadAssembly
Native extension for WindowsStandalone target not found
Refreshing native plugins compatible for Editor in 0.60 ms, found 2 plugins.
Preloading 0 native plugins for Editor in 0.00 ms.
Mono: successfully reloaded assembly
- Completed reload, in  1.974 seconds
Platform modules already initialized, skipping
Shader 'Universal Render Pipeline/Particles/Lit': fallback shader 'Universal Render Pipeline/Particles/SimpleLit' not found
Refreshing native plugins compatible for Editor in 0.52 ms, found 2 plugins.
Preloading 0 native plugins for Editor in 0.00 ms.
Unloading 2581 Unused Serialized files (Serialized files now loaded: 0)
System memory in use before: 115.3 MB.
System memory in use after: 115.5 MB.

Unloading 14 unused Assets to reduce memory usage. Loaded Objects now: 3130.
Total: 3.190900 ms (FindLiveObjects: 0.324900 ms CreateObjectMapping: 0.153300 ms MarkObjects: 2.679100 ms  DeleteObjects: 0.031600 ms)

========================================================================
Received Prepare
Registering precompiled user dll's ...
Registered in 0.352268 seconds.
Begin MonoManager ReloadAssembly
Native extension for WindowsStandalone target not found
Refreshing native plugins compatible for Editor in 0.61 ms, found 2 plugins.
Preloading 0 native plugins for Editor in 0.00 ms.
Mono: successfully reloaded assembly
- Completed reload, in  2.034 seconds
Platform modules already initialized, skipping
Shader 'Universal Render Pipeline/Particles/Lit': fallback shader 'Universal Render Pipeline/Particles/SimpleLit' not found
Refreshing native plugins compatible for Editor in 7.34 ms, found 2 plugins.
Preloading 0 native plugins for Editor in 0.00 ms.
Unloading 2581 Unused Serialized files (Serialized files now loaded: 0)
System memory in use before: 115.3 MB.
System memory in use after: 115.5 MB.

Unloading 14 unused Assets to reduce memory usage. Loaded Objects now: 3133.
Total: 10.427300 ms (FindLiveObjects: 0.299700 ms CreateObjectMapping: 0.136400 ms MarkObjects: 9.966900 ms  DeleteObjects: 0.022700 ms)

========================================================================
Received Import Request.
  Time since last request: 789.680953 seconds.
  path: Assets/Scripts/Ghost.cs
  artifactKey: Guid(c02f58c5c317e9e4393b2d79a12c1580) Importer(815301076,1909f56bfc062723c751e8b465ee728b)
Start importing Assets/Scripts/Ghost.cs using Guid(c02f58c5c317e9e4393b2d79a12c1580) Importer(815301076,1909f56bfc062723c751e8b465ee728b)  -> (artifact id: '7dde65ff46925cf30a120b2624c88f55') in 0.029894 seconds
  Import took 0.133052 seconds .

========================================================================
Received Prepare
Registering precompiled user dll's ...
Registered in 0.012217 seconds.
Begin MonoManager ReloadAssembly
Native extension for WindowsStandalone target not found
Refreshing native plugins compatible for Editor in 0.58 ms, found 2 plugins.
Preloading 0 native plugins for Editor in 0.00 ms.
Mono: successfully reloaded assembly
- Completed reload, in  1.268 seconds
Platform modules already initialized, skipping
Shader 'Universal Render Pipeline/Particles/Lit': fallback shader 'Universal Render Pipeline/Particles/SimpleLit' not found
Refreshing native plugins compatible for Editor in 0.47 ms, found 2 plugins.
Preloading 0 native plugins for Editor in 0.00 ms.
Unloading 2581 Unused Serialized files (Serialized files now loaded: 0)
System memory in use before: 115.3 MB.
System memory in use after: 115.6 MB.

Unloading 14 unused Assets to reduce memory usage. Loaded Objects now: 3136.
Total: 2.577300 ms (FindLiveObjects: 0.255200 ms CreateObjectMapping: 0.128600 ms MarkObjects: 2.170500 ms  DeleteObjects: 0.021900 ms)

========================================================================
Received Prepare
Registering precompiled user dll's ...
Registered in 0.007880 seconds.
Begin MonoManager ReloadAssembly
Native extension for WindowsStandalone target not found
Refreshing native plugins compatible for Editor in 0.49 ms, found 2 plugins.
Preloading 0 native plugins for Editor in 0.00 ms.
Mono: successfully reloaded assembly
- Completed reload, in  1.361 seconds
Platform modules already initialized, skipping
Shader 'Universal Render Pipeline/Particles/Lit': fallback shader 'Universal Render Pipeline/Particles/SimpleLit' not found
Refreshing native plugins compatible for Editor in 0.75 ms, found 2 plugins.
Preloading 0 native plugins for Editor in 0.00 ms.
Unloading 2581 Unused Serialized files (Serialized files now loaded: 0)
System memory in use before: 115.3 MB.
System memory in use after: 115.6 MB.

Unloading 14 unused Assets to reduce memory usage. Loaded Objects now: 3139.
Total: 4.971200 ms (FindLiveObjects: 0.482400 ms CreateObjectMapping: 0.305600 ms MarkObjects: 4.152100 ms  DeleteObjects: 0.029300 ms)

========================================================================
Received Prepare
Registering precompiled user dll's ...
Registered in 0.006886 seconds.
Begin MonoManager ReloadAssembly
Native extension for WindowsStandalone target not found
Refreshing native plugins compatible for Editor in 1.08 ms, found 2 plugins.
Preloading 0 native plugins for Editor in 0.00 ms.
Mono: successfully reloaded assembly
- Completed reload, in  1.308 seconds
Platform modules already initialized, skipping
Shader 'Universal Render Pipeline/Particles/Lit': fallback shader 'Universal Render Pipeline/Particles/SimpleLit' not found
Refreshing native plugins compatible for Editor in 0.95 ms, found 2 plugins.
Preloading 0 native plugins for Editor in 0.00 ms.
Unloading 2581 Unused Serialized files (Serialized files now loaded: 0)
System memory in use before: 115.3 MB.
System memory in use after: 115.6 MB.

Unloading 14 unused Assets to reduce memory usage. Loaded Objects now: 3142.
Total: 3.658800 ms (FindLiveObjects: 0.385000 ms CreateObjectMapping: 0.169600 ms MarkObjects: 3.077800 ms  DeleteObjects: 0.025000 ms)

========================================================================
Received Prepare
Registering precompiled user dll's ...
Registered in 0.008129 seconds.
Begin MonoManager ReloadAssembly
Native extension for WindowsStandalone target not found
Refreshing native plugins compatible for Editor in 0.50 ms, found 2 plugins.
Preloading 0 native plugins for Editor in 0.00 ms.
Mono: successfully reloaded assembly
- Completed reload, in  1.229 seconds
Platform modules already initialized, skipping
Shader 'Universal Render Pipeline/Particles/Lit': fallback shader 'Universal Render Pipeline/Particles/SimpleLit' not found
Refreshing native plugins compatible for Editor in 0.52 ms, found 2 plugins.
Preloading 0 native plugins for Editor in 0.00 ms.
Unloading 2581 Unused Serialized files (Serialized files now loaded: 0)
System memory in use before: 115.4 MB.
System memory in use after: 115.6 MB.

Unloading 14 unused Assets to reduce memory usage. Loaded Objects now: 3145.
Total: 4.069600 ms (FindLiveObjects: 0.309000 ms CreateObjectMapping: 0.140800 ms MarkObjects: 3.580000 ms  DeleteObjects: 0.038400 ms)

========================================================================
Received Prepare
Registering precompiled user dll's ...
Registered in 0.006984 seconds.
Begin MonoManager ReloadAssembly
Native extension for WindowsStandalone target not found
Refreshing native plugins compatible for Editor in 0.52 ms, found 2 plugins.
Preloading 0 native plugins for Editor in 0.00 ms.
Mono: successfully reloaded assembly
- Completed reload, in  1.319 seconds
Platform modules already initialized, skipping
Shader 'Universal Render Pipeline/Particles/Lit': fallback shader 'Universal Render Pipeline/Particles/SimpleLit' not found
Refreshing native plugins compatible for Editor in 0.86 ms, found 2 plugins.
Preloading 0 native plugins for Editor in 0.00 ms.
Unloading 2581 Unused Serialized files (Serialized files now loaded: 0)
System memory in use before: 115.4 MB.
System memory in use after: 115.6 MB.

Unloading 14 unused Assets to reduce memory usage. Loaded Objects now: 3148.
Total: 3.300000 ms (FindLiveObjects: 0.364600 ms CreateObjectMapping: 0.228900 ms MarkObjects: 2.672400 ms  DeleteObjects: 0.032500 ms)

========================================================================
Received Prepare
Registering precompiled user dll's ...
Registered in 0.019723 seconds.
Begin MonoManager ReloadAssembly
Native extension for WindowsStandalone target not found
Refreshing native plugins compatible for Editor in 0.83 ms, found 2 plugins.
Preloading 0 native plugins for Editor in 0.00 ms.
Mono: successfully reloaded assembly
- Completed reload, in  1.967 seconds
Platform modules already initialized, skipping
Shader 'Universal Render Pipeline/Particles/Lit': fallback shader 'Universal Render Pipeline/Particles/SimpleLit' not found
Refreshing native plugins compatible for Editor in 0.96 ms, found 2 plugins.
Preloading 0 native plugins for Editor in 0.00 ms.
Unloading 2581 Unused Serialized files (Serialized files now loaded: 0)
System memory in use before: 115.4 MB.
System memory in use after: 115.6 MB.

Unloading 14 unused Assets to reduce memory usage. Loaded Objects now: 3151.
Total: 5.652700 ms (FindLiveObjects: 0.472000 ms CreateObjectMapping: 0.408900 ms MarkObjects: 4.740000 ms  DeleteObjects: 0.030100 ms)

========================================================================
Received Prepare
Registering precompiled user dll's ...
Registered in 0.007319 seconds.
Begin MonoManager ReloadAssembly
Native extension for WindowsStandalone target not found
Refreshing native plugins compatible for Editor in 0.55 ms, found 2 plugins.
Preloading 0 native plugins for Editor in 0.00 ms.
Mono: successfully reloaded assembly
- Completed reload, in  1.426 seconds
Platform modules already initialized, skipping
Shader 'Universal Render Pipeline/Particles/Lit': fallback shader 'Universal Render Pipeline/Particles/SimpleLit' not found
Refreshing native plugins compatible for Editor in 0.77 ms, found 2 plugins.
Preloading 0 native plugins for Editor in 0.00 ms.
Unloading 2581 Unused Serialized files (Serialized files now loaded: 0)
System memory in use before: 115.4 MB.
System memory in use after: 115.6 MB.

Unloading 14 unused Assets to reduce memory usage. Loaded Objects now: 3154.
Total: 2.707900 ms (FindLiveObjects: 0.324000 ms CreateObjectMapping: 0.140900 ms MarkObjects: 2.211000 ms  DeleteObjects: 0.030700 ms)

========================================================================
Received Prepare
Registering precompiled user dll's ...
Registered in 0.008521 seconds.
Begin MonoManager ReloadAssembly
Native extension for WindowsStandalone target not found
Refreshing native plugins compatible for Editor in 0.55 ms, found 2 plugins.
Preloading 0 native plugins for Editor in 0.00 ms.
Mono: successfully reloaded assembly
- Completed reload, in  1.412 seconds
Platform modules already initialized, skipping
Shader 'Universal Render Pipeline/Particles/Lit': fallback shader 'Universal Render Pipeline/Particles/SimpleLit' not found
Refreshing native plugins compatible for Editor in 0.74 ms, found 2 plugins.
Preloading 0 native plugins for Editor in 0.00 ms.
Unloading 2582 Unused Serialized files (Serialized files now loaded: 0)
System memory in use before: 115.4 MB.
System memory in use after: 115.6 MB.

Unloading 14 unused Assets to reduce memory usage. Loaded Objects now: 3158.
Total: 4.218300 ms (FindLiveObjects: 0.479100 ms CreateObjectMapping: 0.288900 ms MarkObjects: 3.420000 ms  DeleteObjects: 0.028600 ms)

========================================================================
Received Import Request.
  Time since last request: 1111.897855 seconds.
  path: Assets/Scripts/Human.cs
  artifactKey: Guid(da6128d94d89dbd45b0107a82d9a2c5b) Importer(815301076,1909f56bfc062723c751e8b465ee728b)
Start importing Assets/Scripts/Human.cs using Guid(da6128d94d89dbd45b0107a82d9a2c5b) Importer(815301076,1909f56bfc062723c751e8b465ee728b)  -> (artifact id: 'e6b973da71a2a7e3a38ac28b0e0a51e8') in 0.006802 seconds
  Import took 0.011643 seconds .

========================================================================
Received Prepare
Registering precompiled user dll's ...
Registered in 0.007161 seconds.
Begin MonoManager ReloadAssembly
Native extension for WindowsStandalone target not found
Refreshing native plugins compatible for Editor in 0.92 ms, found 2 plugins.
Preloading 0 native plugins for Editor in 0.00 ms.
Mono: successfully reloaded assembly
- Completed reload, in  1.292 seconds
Platform modules already initialized, skipping
Shader 'Universal Render Pipeline/Particles/Lit': fallback shader 'Universal Render Pipeline/Particles/SimpleLit' not found
Refreshing native plugins compatible for Editor in 0.62 ms, found 2 plugins.
Preloading 0 native plugins for Editor in 0.00 ms.
Unloading 2582 Unused Serialized files (Serialized files now loaded: 0)
System memory in use before: 115.4 MB.
System memory in use after: 115.6 MB.

Unloading 14 unused Assets to reduce memory usage. Loaded Objects now: 3161.
Total: 2.634400 ms (FindLiveObjects: 0.399200 ms CreateObjectMapping: 0.154400 ms MarkObjects: 2.058600 ms  DeleteObjects: 0.021000 ms)

========================================================================
Received Prepare
Registering precompiled user dll's ...
Registered in 0.008365 seconds.
Begin MonoManager ReloadAssembly
Native extension for WindowsStandalone target not found
Refreshing native plugins compatible for Editor in 0.48 ms, found 2 plugins.
Preloading 0 native plugins for Editor in 0.00 ms.
Mono: successfully reloaded assembly
- Completed reload, in  1.193 seconds
Platform modules already initialized, skipping
Shader 'Universal Render Pipeline/Particles/Lit': fallback shader 'Universal Render Pipeline/Particles/SimpleLit' not found
Refreshing native plugins compatible for Editor in 0.56 ms, found 2 plugins.
Preloading 0 native plugins for Editor in 0.00 ms.
Unloading 2582 Unused Serialized files (Serialized files now loaded: 0)
System memory in use before: 115.4 MB.
System memory in use after: 115.6 MB.

Unloading 14 unused Assets to reduce memory usage. Loaded Objects now: 3164.
Total: 4.958300 ms (FindLiveObjects: 0.828800 ms CreateObjectMapping: 0.515000 ms MarkObjects: 3.575500 ms  DeleteObjects: 0.036900 ms)

========================================================================
Received Import Request.
  Time since last request: 223.663071 seconds.
  path: Assets/Scripts/Human.cs
  artifactKey: Guid(da6128d94d89dbd45b0107a82d9a2c5b) Importer(815301076,1909f56bfc062723c751e8b465ee728b)
Start importing Assets/Scripts/Human.cs using Guid(da6128d94d89dbd45b0107a82d9a2c5b) Importer(815301076,1909f56bfc062723c751e8b465ee728b)  -> (artifact id: '80017635bbd8a667639112a1d5d3d523') in 0.008745 seconds
  Import took 0.015619 seconds .

========================================================================
Received Prepare
Registering precompiled user dll's ...
Registered in 0.006119 seconds.
Begin MonoManager ReloadAssembly
Native extension for WindowsStandalone target not found
Refreshing native plugins compatible for Editor in 0.56 ms, found 2 plugins.
Preloading 0 native plugins for Editor in 0.00 ms.
Mono: successfully reloaded assembly
- Completed reload, in  1.150 seconds
Platform modules already initialized, skipping
Shader 'Universal Render Pipeline/Particles/Lit': fallback shader 'Universal Render Pipeline/Particles/SimpleLit' not found
Refreshing native plugins compatible for Editor in 0.52 ms, found 2 plugins.
Preloading 0 native plugins for Editor in 0.00 ms.
Unloading 2582 Unused Serialized files (Serialized files now loaded: 0)
System memory in use before: 115.4 MB.
System memory in use after: 115.6 MB.

Unloading 14 unused Assets to reduce memory usage. Loaded Objects now: 3167.
Total: 3.427700 ms (FindLiveObjects: 0.297400 ms CreateObjectMapping: 0.357600 ms MarkObjects: 2.748400 ms  DeleteObjects: 0.023000 ms)

========================================================================
Received Prepare
Registering precompiled user dll's ...
Registered in 0.007031 seconds.
Begin MonoManager ReloadAssembly
Native extension for WindowsStandalone target not found
Refreshing native plugins compatible for Editor in 0.68 ms, found 2 plugins.
Preloading 0 native plugins for Editor in 0.00 ms.
Mono: successfully reloaded assembly
- Completed reload, in  1.442 seconds
Platform modules already initialized, skipping
Shader 'Universal Render Pipeline/Particles/Lit': fallback shader 'Universal Render Pipeline/Particles/SimpleLit' not found
Refreshing native plugins compatible for Editor in 0.51 ms, found 2 plugins.
Preloading 0 native plugins for Editor in 0.00 ms.
Unloading 2582 Unused Serialized files (Serialized files now loaded: 0)
System memory in use before: 115.4 MB.
System memory in use after: 115.7 MB.

Unloading 14 unused Assets to reduce memory usage. Loaded Objects now: 3170.
Total: 5.744700 ms (FindLiveObjects: 0.602000 ms CreateObjectMapping: 0.407500 ms MarkObjects: 4.659700 ms  DeleteObjects: 0.073600 ms)

========================================================================
Received Prepare
Registering precompiled user dll's ...
Registered in 0.007500 seconds.
Begin MonoManager ReloadAssembly
Native extension for WindowsStandalone target not found
Refreshing native plugins compatible for Editor in 0.73 ms, found 2 plugins.
Preloading 0 native plugins for Editor in 0.00 ms.
Mono: successfully reloaded assembly
- Completed reload, in  1.202 seconds
Platform modules already initialized, skipping
Shader 'Universal Render Pipeline/Particles/Lit': fallback shader 'Universal Render Pipeline/Particles/SimpleLit' not found
Refreshing native plugins compatible for Editor in 0.57 ms, found 2 plugins.
Preloading 0 native plugins for Editor in 0.00 ms.
Unloading 2582 Unused Serialized files (Serialized files now loaded: 0)
System memory in use before: 115.4 MB.
System memory in use after: 115.7 MB.

Unloading 14 unused Assets to reduce memory usage. Loaded Objects now: 3173.
Total: 3.792700 ms (FindLiveObjects: 0.507700 ms CreateObjectMapping: 0.232100 ms MarkObjects: 3.029200 ms  DeleteObjects: 0.022200 ms)

========================================================================
Received Prepare
Registering precompiled user dll's ...
Registered in 0.007238 seconds.
Begin MonoManager ReloadAssembly
Native extension for WindowsStandalone target not found
Refreshing native plugins compatible for Editor in 0.49 ms, found 2 plugins.
Preloading 0 native plugins for Editor in 0.00 ms.
Mono: successfully reloaded assembly
- Completed reload, in  1.262 seconds
Platform modules already initialized, skipping
Shader 'Universal Render Pipeline/Particles/Lit': fallback shader 'Universal Render Pipeline/Particles/SimpleLit' not found
Refreshing native plugins compatible for Editor in 0.59 ms, found 2 plugins.
Preloading 0 native plugins for Editor in 0.00 ms.
Unloading 2582 Unused Serialized files (Serialized files now loaded: 0)
System memory in use before: 115.4 MB.
System memory in use after: 115.7 MB.

Unloading 14 unused Assets to reduce memory usage. Loaded Objects now: 3176.
Total: 3.981600 ms (FindLiveObjects: 0.365600 ms CreateObjectMapping: 0.175800 ms MarkObjects: 3.415700 ms  DeleteObjects: 0.023300 ms)

========================================================================
Received Prepare
Registering precompiled user dll's ...
Registered in 0.007203 seconds.
Begin MonoManager ReloadAssembly
Native extension for WindowsStandalone target not found
Refreshing native plugins compatible for Editor in 0.62 ms, found 2 plugins.
Preloading 0 native plugins for Editor in 0.00 ms.
Mono: successfully reloaded assembly
- Completed reload, in  1.211 seconds
Platform modules already initialized, skipping
Shader 'Universal Render Pipeline/Particles/Lit': fallback shader 'Universal Render Pipeline/Particles/SimpleLit' not found
Refreshing native plugins compatible for Editor in 0.92 ms, found 2 plugins.
Preloading 0 native plugins for Editor in 0.00 ms.
Unloading 2582 Unused Serialized files (Serialized files now loaded: 0)
System memory in use before: 115.4 MB.
System memory in use after: 115.7 MB.

Unloading 14 unused Assets to reduce memory usage. Loaded Objects now: 3179.
Total: 4.784700 ms (FindLiveObjects: 0.389900 ms CreateObjectMapping: 0.193000 ms MarkObjects: 4.163600 ms  DeleteObjects: 0.036100 ms)

========================================================================
Received Import Request.
  Time since last request: 386.599449 seconds.
  path: Assets/Art/Tilemap
  artifactKey: Guid(8b7bed6141e87d44388f7a0e739aa6b9) Importer(815301076,1909f56bfc062723c751e8b465ee728b)
Start importing Assets/Art/Tilemap using Guid(8b7bed6141e87d44388f7a0e739aa6b9) Importer(815301076,1909f56bfc062723c751e8b465ee728b)  -> (artifact id: 'e61fdddcb190e647a92390e75086a7cc') in 0.013349 seconds
  Import took 0.020916 seconds .

========================================================================
Received Import Request.
  Time since last request: 370.273315 seconds.
  path: Assets/Art/Tilemap/TilesheetPalette.png
  artifactKey: Guid(de697cf3bd214dd4285a11eea4322eae) Importer(815301076,1909f56bfc062723c751e8b465ee728b)
Start importing Assets/Art/Tilemap/TilesheetPalette.png using Guid(de697cf3bd214dd4285a11eea4322eae) Importer(815301076,1909f56bfc062723c751e8b465ee728b)  -> (artifact id: '5a7d79e0be51fcc5170c46683eac13ab') in 0.149427 seconds
  Import took 0.155660 seconds .

========================================================================
Received Import Request.
  Time since last request: 27.570828 seconds.
  path: Assets/Art/Tilemap/Placeholder.png
  artifactKey: Guid(de697cf3bd214dd4285a11eea4322eae) Importer(815301076,1909f56bfc062723c751e8b465ee728b)
Start importing Assets/Art/Tilemap/Placeholder.png using Guid(de697cf3bd214dd4285a11eea4322eae) Importer(815301076,1909f56bfc062723c751e8b465ee728b)  -> (artifact id: 'f8804de0f3da660076ccda19e8678380') in 0.019293 seconds
  Import took 0.027112 seconds .

========================================================================
Received Import Request.
  Time since last request: 88.528226 seconds.
  path: Assets/Art/Tilemap/Placeholder.png
  artifactKey: Guid(de697cf3bd214dd4285a11eea4322eae) Importer(815301076,1909f56bfc062723c751e8b465ee728b)
Start importing Assets/Art/Tilemap/Placeholder.png using Guid(de697cf3bd214dd4285a11eea4322eae) Importer(815301076,1909f56bfc062723c751e8b465ee728b)  -> (artifact id: '87fb5b02df9584e16d20c3e31f08dc71') in 0.014372 seconds
  Import took 0.028491 seconds .

========================================================================
Received Import Request.
  Time since last request: 554.966627 seconds.
  path: Assets/Art/Tilemap/Placeholder.png
  artifactKey: Guid(de697cf3bd214dd4285a11eea4322eae) Importer(815301076,1909f56bfc062723c751e8b465ee728b)
Start importing Assets/Art/Tilemap/Placeholder.png using Guid(de697cf3bd214dd4285a11eea4322eae) Importer(815301076,1909f56bfc062723c751e8b465ee728b)  -> (artifact id: '39c049a5d9067dccc45165e2086ef188') in 0.023391 seconds
  Import took 0.034362 seconds .

========================================================================
Received Prepare
Registering precompiled user dll's ...
Registered in 0.006406 seconds.
Begin MonoManager ReloadAssembly
Native extension for WindowsStandalone target not found
Refreshing native plugins compatible for Editor in 0.85 ms, found 2 plugins.
Preloading 0 native plugins for Editor in 0.00 ms.
Mono: successfully reloaded assembly
- Completed reload, in  1.660 seconds
Platform modules already initialized, skipping
Script is not up to date after domain reload: guid(67ffa6242c6ee9246a64038878f96adc) path("Packages/com.unity.2d.tilemap/Editor/GridSelection.cs") state(2)
Script is not up to date after domain reload: guid(b3cfa46cb726ab64f94c35306c0d9508) path("Packages/com.unity.2d.tilemap/Editor/GridPalettes.cs") state(2)
Script is not up to date after domain reload: guid(97de1f11b5a5dbf41baa1b0bc8ab989e) path("Packages/com.unity.2d.tilemap/Editor/GridBrushEditorBase.cs") state(2)
Script is not up to date after domain reload: guid(1098fc68a178ced428eb7fe625f54179) path("Packages/com.unity.2d.tilemap/Editor/EditorTools/TilemapEditorTool.cs") state(2)
Script is not up to date after domain reload: guid(85f3a978696fd26438b3df20ad1eb853) path("Packages/com.unity.2d.tilemap/Editor/EditorTools/PaintTool.cs") state(2)
Script is not up to date after domain reload: guid(b6fc4f71b00f42947b2ff5102dd5609e) path("Packages/com.unity.2d.tilemap/Editor/GridPalettesDropdown.cs") state(2)
Script is not up to date after domain reload: guid(38d7d4ae5ba301c48a9c37d530dff736) path("Packages/com.unity.2d.tilemap/Editor/PaintableGrid.cs") state(2)
Script is not up to date after domain reload: guid(007e8b9701e00aa4b934ca58ee397b03) path("Packages/com.unity.2d.tilemap/Editor/GridSelectionEditor.cs") state(2)
Script is not up to date after domain reload: guid(b870da3ede4ee144d8631c9ef0a3a66c) path("Packages/com.unity.2d.tilemap/Editor/AssemblyInfo.cs") state(2)
Script is not up to date after domain reload: guid(c55f8ee59e712524682edba7c818eb6b) path("Packages/com.unity.2d.tilemap/Editor/GridBrushEditor.cs") state(2)
Script is not up to date after domain reload: guid(93344cd78b3de491bbc8a90604acb175) path("Packages/com.unity.2d.tilemap/Editor/ObjectCreationMenu/GameObjectCreation.cs") state(2)
Script is not up to date after domain reload: guid(4009bdfbd908ccf41a101be04ed6567d) path("Packages/com.unity.2d.tilemap/Editor/GridBrush.cs") state(2)
Script is not up to date after domain reload: guid(29bbda0803e75b34a9ebd8c1f2c99c80) path("Packages/com.unity.2d.tilemap/Editor/GridPaintPaletteWindowPreferences.cs") state(2)
Script is not up to date after domain reload: guid(cb5418bb8817a8c4096007d67d6fd8ba) path("Packages/com.unity.2d.tilemap/Editor/GridPaletteBrushes.cs") state(2)
Script is not up to date after domain reload: guid(c7e47ae35297a95488555fe429032567) path("Packages/com.unity.2d.tilemap/Editor/TileUtility.cs") state(2)
Script is not up to date after domain reload: guid(cc6f5506f7e1c664a9745a66e050fab5) path("Packages/com.unity.2d.tilemap/Editor/EditorTools/PickingTool.cs") state(2)
Script is not up to date after domain reload: guid(a84f8a2cae54acb4599de611269e855e) path("Packages/com.unity.2d.tilemap/Editor/SceneViewGridManager.cs") state(2)
Script is not up to date after domain reload: guid(e61b787c9f6984746a82ecf444056814) path("Packages/com.unity.2d.tilemap/Editor/GridBrushesDropdown.cs") state(2)
Script is not up to date after domain reload: guid(1407207e0ba5c48f3a24bdbea0fa84b5) path("Packages/com.unity.2d.tilemap/Editor/ObjectCreationMenu/DefaultAssetCreation.cs") state(2)
Script is not up to date after domain reload: guid(7df3ec98f7c6bd740a979da7da668275) path("Packages/com.unity.2d.tilemap/Tests/Editor/TilemapPackageTests.cs") state(2)
Script is not up to date after domain reload: guid(3342bc6878604f839b28843c3e8cd81b) path("Packages/com.unity.2d.tilemap/Editor/GridPaletteEditor.cs") state(2)
Script is not up to date after domain reload: guid(8b5e0f8599da083488da675fc79c5c66) path("Packages/com.unity.2d.tilemap/Editor/GridPaletteUtility.cs") state(2)
Script is not up to date after domain reload: guid(6e6ff0d919800e24484d21950e3d851f) path("Packages/com.unity.2d.tilemap/Editor/EditorTools/BoxTool.cs") state(2)
Script is not up to date after domain reload: guid(a714f9a492de26847891e2833d0f9235) path("Packages/com.unity.2d.tilemap/Editor/GridPaintTargetsDropdown.cs") state(2)
Script is not up to date after domain reload: guid(bd1051621083e784fb548003ae41bf3d) path("Packages/com.unity.2d.tilemap/Editor/TilemapPrefabStageHelper.cs") state(2)
Script is not up to date after domain reload: guid(241898342fd2d2d478d8d74aff380666) path("Packages/com.unity.2d.tilemap/Editor/CreateTileFromPaletteAttribute.cs") state(2)
Script is not up to date after domain reload: guid(b33cda1f9ac0ad7419bbe04d9cc4c8a5) path("Packages/com.unity.2d.tilemap/Editor/GridPaintSortingAttribute.cs") state(2)
Script is not up to date after domain reload: guid(d5952b29970e2144780a7cd7b621f821) path("Packages/com.unity.2d.tilemap/Editor/EditorTools/FillTool.cs") state(2)
Script is not up to date after domain reload: guid(0de3343905095ab4c9d52addc012a937) path("Packages/com.unity.2d.tilemap/Editor/EditorTools/EraseTool.cs") state(2)
Script is not up to date after domain reload: guid(9f1e0a9724743a74794256ebe791fd41) path("Packages/com.unity.2d.tilemap/Editor/PaintableSceneViewGrid.cs") state(2)
Script is not up to date after domain reload: guid(384ea3a769d6ffd44bcc7f03793e3adc) path("Packages/com.unity.2d.tilemap/Editor/GridPaintPaletteClipboard.cs") state(2)
Script is not up to date after domain reload: guid(b74537feff4831541a8c3bf81913649d) path("Packages/com.unity.2d.tilemap/Editor/GridEditorUtility.cs") state(2)
Script is not up to date after domain reload: guid(3b0299838696e2c4f9e31bdc0c8757f9) path("Packages/com.unity.2d.tilemap/Editor/TileDragAndDrop.cs") state(2)
Script is not up to date after domain reload: guid(b65aa392762f2014299ba8fbc21b938a) path("Packages/com.unity.2d.tilemap/Editor/GridPaintingState.cs") state(2)
Script is not up to date after domain reload: guid(08b339ace3191aa409290fbb8bfe30b9) path("Packages/com.unity.2d.tilemap/Editor/EditorTools/SelectTool.cs") state(2)
Script is not up to date after domain reload: guid(3f683d99f24875748a6656966ca9cea0) path("Packages/com.unity.2d.tilemap/Editor/GridPaintPaletteWindow.cs") state(2)
Script is not up to date after domain reload: guid(77786fcb91a3fcd41a4b836be1f0276c) path("Packages/com.unity.2d.tilemap/Editor/EditorTools/MoveTool.cs") state(2)
Script is not up to date after domain reload: guid(3fc02dcfcd4e9ed4abdcb443df9146b5) path("Packages/com.unity.2d.tilemap/Editor/TileDragAndDropManager.cs") state(2)
Script is not up to date after domain reload: guid(f60779a06bec4f14a957237a7206b786) path("Packages/com.unity.2d.tilemap/Editor/GridPaletteAddPopup.cs") state(2)
Script is not up to date after domain reload: guid(0edd9d84d73c14b4fa94b44acc4c53d1) path("Packages/com.unity.2d.tilemap/Editor/SceneViewOpenTilePaletteHelper.cs") state(2)
Shader 'Universal Render Pipeline/Particles/Lit': fallback shader 'Universal Render Pipeline/Particles/SimpleLit' not found
Refreshing native plugins compatible for Editor in 0.47 ms, found 2 plugins.
Preloading 0 native plugins for Editor in 0.00 ms.
Unloading 2616 Unused Serialized files (Serialized files now loaded: 0)
System memory in use before: 116.5 MB.
System memory in use after: 116.7 MB.

Unloading 14 unused Assets to reduce memory usage. Loaded Objects now: 3221.
Total: 2.925500 ms (FindLiveObjects: 0.280200 ms CreateObjectMapping: 0.133900 ms MarkObjects: 2.489000 ms  DeleteObjects: 0.021100 ms)

========================================================================
Received Prepare
Registering precompiled user dll's ...
Registered in 0.006201 seconds.
Begin MonoManager ReloadAssembly
Native extension for WindowsStandalone target not found
Refreshing native plugins compatible for Editor in 0.55 ms, found 2 plugins.
Preloading 0 native plugins for Editor in 0.00 ms.
Mono: successfully reloaded assembly
- Completed reload, in  1.215 seconds
Platform modules already initialized, skipping
Shader 'Universal Render Pipeline/Particles/Lit': fallback shader 'Universal Render Pipeline/Particles/SimpleLit' not found
Refreshing native plugins compatible for Editor in 0.50 ms, found 2 plugins.
Preloading 0 native plugins for Editor in 0.00 ms.
Unloading 2656 Unused Serialized files (Serialized files now loaded: 0)
System memory in use before: 117.8 MB.
System memory in use after: 118.0 MB.

Unloading 14 unused Assets to reduce memory usage. Loaded Objects now: 3268.
Total: 2.869200 ms (FindLiveObjects: 0.281400 ms CreateObjectMapping: 0.143700 ms MarkObjects: 2.422300 ms  DeleteObjects: 0.020600 ms)

========================================================================
Received Import Request.
  Time since last request: 614.355894 seconds.
  path: Assets/Art/Tilemap/Placeholder.png
  artifactKey: Guid(de697cf3bd214dd4285a11eea4322eae) Importer(815301076,1909f56bfc062723c751e8b465ee728b)
Start importing Assets/Art/Tilemap/Placeholder.png using Guid(de697cf3bd214dd4285a11eea4322eae) Importer(815301076,1909f56bfc062723c751e8b465ee728b)  -> (artifact id: '77fe41691bd8687b31c81712e1cb223f') in 0.101004 seconds
  Import took 0.108060 seconds .

========================================================================
Received Prepare
Registering precompiled user dll's ...
Registered in 0.008398 seconds.
Begin MonoManager ReloadAssembly
Native extension for WindowsStandalone target not found
Refreshing native plugins compatible for Editor in 0.65 ms, found 2 plugins.
Preloading 0 native plugins for Editor in 0.00 ms.
Mono: successfully reloaded assembly
- Completed reload, in  1.371 seconds
Platform modules already initialized, skipping
Shader 'Universal Render Pipeline/Particles/Lit': fallback shader 'Universal Render Pipeline/Particles/SimpleLit' not found
Refreshing native plugins compatible for Editor in 0.49 ms, found 2 plugins.
Preloading 0 native plugins for Editor in 0.00 ms.
Unloading 2656 Unused Serialized files (Serialized files now loaded: 0)
System memory in use before: 117.8 MB.
System memory in use after: 118.1 MB.

Unloading 14 unused Assets to reduce memory usage. Loaded Objects now: 3272.
Total: 2.928300 ms (FindLiveObjects: 0.296200 ms CreateObjectMapping: 0.325200 ms MarkObjects: 2.283300 ms  DeleteObjects: 0.022700 ms)

========================================================================
Received Prepare
Registering precompiled user dll's ...
Registered in 0.007470 seconds.
Begin MonoManager ReloadAssembly
Native extension for WindowsStandalone target not found
Refreshing native plugins compatible for Editor in 0.53 ms, found 2 plugins.
Preloading 0 native plugins for Editor in 0.00 ms.
Mono: successfully reloaded assembly
- Completed reload, in  1.370 seconds
Platform modules already initialized, skipping
Shader 'Universal Render Pipeline/Particles/Lit': fallback shader 'Universal Render Pipeline/Particles/SimpleLit' not found
Refreshing native plugins compatible for Editor in 0.84 ms, found 2 plugins.
Preloading 0 native plugins for Editor in 0.00 ms.
Unloading 2656 Unused Serialized files (Serialized files now loaded: 0)
System memory in use before: 117.8 MB.
System memory in use after: 118.1 MB.

Unloading 14 unused Assets to reduce memory usage. Loaded Objects now: 3275.
Total: 3.799700 ms (FindLiveObjects: 0.809500 ms CreateObjectMapping: 0.569300 ms MarkObjects: 2.395300 ms  DeleteObjects: 0.024300 ms)

========================================================================
Received Prepare
Registering precompiled user dll's ...
Registered in 0.009162 seconds.
Begin MonoManager ReloadAssembly
Native extension for WindowsStandalone target not found
Refreshing native plugins compatible for Editor in 0.59 ms, found 2 plugins.
Preloading 0 native plugins for Editor in 0.00 ms.
Mono: successfully reloaded assembly
- Completed reload, in  1.467 seconds
Platform modules already initialized, skipping
Shader 'Universal Render Pipeline/Particles/Lit': fallback shader 'Universal Render Pipeline/Particles/SimpleLit' not found
Refreshing native plugins compatible for Editor in 0.58 ms, found 2 plugins.
Preloading 0 native plugins for Editor in 0.00 ms.
Unloading 2656 Unused Serialized files (Serialized files now loaded: 0)
System memory in use before: 117.9 MB.
System memory in use after: 118.1 MB.

Unloading 14 unused Assets to reduce memory usage. Loaded Objects now: 3278.
Total: 3.924100 ms (FindLiveObjects: 0.465000 ms CreateObjectMapping: 0.273800 ms MarkObjects: 3.155100 ms  DeleteObjects: 0.028700 ms)

========================================================================
Received Prepare
Registering precompiled user dll's ...
Registered in 0.006395 seconds.
Begin MonoManager ReloadAssembly
Native extension for WindowsStandalone target not found
Refreshing native plugins compatible for Editor in 0.65 ms, found 2 plugins.
Preloading 0 native plugins for Editor in 0.00 ms.
Mono: successfully reloaded assembly
- Completed reload, in  1.154 seconds
Platform modules already initialized, skipping
Shader 'Universal Render Pipeline/Particles/Lit': fallback shader 'Universal Render Pipeline/Particles/SimpleLit' not found
Refreshing native plugins compatible for Editor in 0.49 ms, found 2 plugins.
Preloading 0 native plugins for Editor in 0.00 ms.
Unloading 2656 Unused Serialized files (Serialized files now loaded: 0)
System memory in use before: 117.9 MB.
System memory in use after: 118.1 MB.

Unloading 14 unused Assets to reduce memory usage. Loaded Objects now: 3281.
Total: 2.824300 ms (FindLiveObjects: 0.422200 ms CreateObjectMapping: 0.176800 ms MarkObjects: 2.202200 ms  DeleteObjects: 0.022000 ms)

========================================================================
Received Prepare
Registering precompiled user dll's ...
Registered in 0.006105 seconds.
Begin MonoManager ReloadAssembly
Native extension for WindowsStandalone target not found
Refreshing native plugins compatible for Editor in 0.53 ms, found 2 plugins.
Preloading 0 native plugins for Editor in 0.00 ms.
Mono: successfully reloaded assembly
- Completed reload, in  1.134 seconds
Platform modules already initialized, skipping
Shader 'Universal Render Pipeline/Particles/Lit': fallback shader 'Universal Render Pipeline/Particles/SimpleLit' not found
Refreshing native plugins compatible for Editor in 0.51 ms, found 2 plugins.
Preloading 0 native plugins for Editor in 0.00 ms.
Unloading 2656 Unused Serialized files (Serialized files now loaded: 0)
System memory in use before: 117.9 MB.
System memory in use after: 118.1 MB.

Unloading 14 unused Assets to reduce memory usage. Loaded Objects now: 3284.
Total: 3.217600 ms (FindLiveObjects: 0.371100 ms CreateObjectMapping: 0.447500 ms MarkObjects: 2.369800 ms  DeleteObjects: 0.027800 ms)

========================================================================
Received Prepare
Registering precompiled user dll's ...
Registered in 0.006877 seconds.
Begin MonoManager ReloadAssembly
Native extension for WindowsStandalone target not found
Refreshing native plugins compatible for Editor in 0.55 ms, found 2 plugins.
Preloading 0 native plugins for Editor in 0.00 ms.
Mono: successfully reloaded assembly
- Completed reload, in  1.685 seconds
Platform modules already initialized, skipping
Shader 'Universal Render Pipeline/Particles/Lit': fallback shader 'Universal Render Pipeline/Particles/SimpleLit' not found
Refreshing native plugins compatible for Editor in 0.58 ms, found 2 plugins.
Preloading 0 native plugins for Editor in 0.00 ms.
Unloading 2656 Unused Serialized files (Serialized files now loaded: 0)
System memory in use before: 117.9 MB.
System memory in use after: 118.1 MB.

Unloading 14 unused Assets to reduce memory usage. Loaded Objects now: 3287.
Total: 2.651200 ms (FindLiveObjects: 0.283500 ms CreateObjectMapping: 0.140000 ms MarkObjects: 2.158400 ms  DeleteObjects: 0.068300 ms)

========================================================================
Received Prepare
Registering precompiled user dll's ...
Registered in 0.008680 seconds.
Begin MonoManager ReloadAssembly
Native extension for WindowsStandalone target not found
Refreshing native plugins compatible for Editor in 0.87 ms, found 2 plugins.
Preloading 0 native plugins for Editor in 0.00 ms.
Mono: successfully reloaded assembly
- Completed reload, in  1.416 seconds
Platform modules already initialized, skipping
Shader 'Universal Render Pipeline/Particles/Lit': fallback shader 'Universal Render Pipeline/Particles/SimpleLit' not found
Refreshing native plugins compatible for Editor in 0.57 ms, found 2 plugins.
Preloading 0 native plugins for Editor in 0.00 ms.
Unloading 2656 Unused Serialized files (Serialized files now loaded: 0)
System memory in use before: 117.9 MB.
System memory in use after: 118.1 MB.

Unloading 14 unused Assets to reduce memory usage. Loaded Objects now: 3290.
Total: 2.965300 ms (FindLiveObjects: 0.326700 ms CreateObjectMapping: 0.198700 ms MarkObjects: 2.407100 ms  DeleteObjects: 0.031400 ms)

========================================================================
Received Prepare
Registering precompiled user dll's ...
Registered in 0.007524 seconds.
Begin MonoManager ReloadAssembly
Native extension for WindowsStandalone target not found
Refreshing native plugins compatible for Editor in 0.97 ms, found 2 plugins.
Preloading 0 native plugins for Editor in 0.00 ms.
Mono: successfully reloaded assembly
- Completed reload, in  1.153 seconds
Platform modules already initialized, skipping
Shader 'Universal Render Pipeline/Particles/Lit': fallback shader 'Universal Render Pipeline/Particles/SimpleLit' not found
Refreshing native plugins compatible for Editor in 0.56 ms, found 2 plugins.
Preloading 0 native plugins for Editor in 0.00 ms.
Unloading 2656 Unused Serialized files (Serialized files now loaded: 0)
System memory in use before: 117.9 MB.
System memory in use after: 118.1 MB.

Unloading 14 unused Assets to reduce memory usage. Loaded Objects now: 3293.
Total: 2.830600 ms (FindLiveObjects: 0.334000 ms CreateObjectMapping: 0.208200 ms MarkObjects: 2.266000 ms  DeleteObjects: 0.021600 ms)

========================================================================
Received Prepare
Registering precompiled user dll's ...
Registered in 0.007893 seconds.
Begin MonoManager ReloadAssembly
Native extension for WindowsStandalone target not found
Refreshing native plugins compatible for Editor in 0.53 ms, found 2 plugins.
Preloading 0 native plugins for Editor in 0.00 ms.
Mono: successfully reloaded assembly
- Completed reload, in  1.227 seconds
Platform modules already initialized, skipping
Shader 'Universal Render Pipeline/Particles/Lit': fallback shader 'Universal Render Pipeline/Particles/SimpleLit' not found
Refreshing native plugins compatible for Editor in 0.62 ms, found 2 plugins.
Preloading 0 native plugins for Editor in 0.00 ms.
Unloading 2656 Unused Serialized files (Serialized files now loaded: 0)
System memory in use before: 117.9 MB.
System memory in use after: 118.1 MB.

Unloading 14 unused Assets to reduce memory usage. Loaded Objects now: 3296.
Total: 3.351700 ms (FindLiveObjects: 0.459700 ms CreateObjectMapping: 0.343500 ms MarkObjects: 2.523200 ms  DeleteObjects: 0.024000 ms)

========================================================================
Received Prepare
Registering precompiled user dll's ...
Registered in 0.015598 seconds.
Begin MonoManager ReloadAssembly
Native extension for WindowsStandalone target not found
Refreshing native plugins compatible for Editor in 0.54 ms, found 2 plugins.
Preloading 0 native plugins for Editor in 0.00 ms.
Mono: successfully reloaded assembly
- Completed reload, in  1.319 seconds
Platform modules already initialized, skipping
Shader 'Universal Render Pipeline/Particles/Lit': fallback shader 'Universal Render Pipeline/Particles/SimpleLit' not found
Refreshing native plugins compatible for Editor in 0.82 ms, found 2 plugins.
Preloading 0 native plugins for Editor in 0.00 ms.
Unloading 2656 Unused Serialized files (Serialized files now loaded: 0)
System memory in use before: 117.9 MB.
System memory in use after: 118.1 MB.

Unloading 14 unused Assets to reduce memory usage. Loaded Objects now: 3299.
Total: 3.320200 ms (FindLiveObjects: 0.313100 ms CreateObjectMapping: 0.146000 ms MarkObjects: 2.835400 ms  DeleteObjects: 0.024300 ms)

========================================================================
Received Prepare
Registering precompiled user dll's ...
Registered in 0.008719 seconds.
Begin MonoManager ReloadAssembly
Native extension for WindowsStandalone target not found
Refreshing native plugins compatible for Editor in 0.96 ms, found 2 plugins.
Preloading 0 native plugins for Editor in 0.00 ms.
Mono: successfully reloaded assembly
- Completed reload, in  1.317 seconds
Platform modules already initialized, skipping
Shader 'Universal Render Pipeline/Particles/Lit': fallback shader 'Universal Render Pipeline/Particles/SimpleLit' not found
Refreshing native plugins compatible for Editor in 0.49 ms, found 2 plugins.
Preloading 0 native plugins for Editor in 0.00 ms.
Unloading 2656 Unused Serialized files (Serialized files now loaded: 0)
System memory in use before: 117.9 MB.
System memory in use after: 118.1 MB.

Unloading 14 unused Assets to reduce memory usage. Loaded Objects now: 3302.
Total: 3.813800 ms (FindLiveObjects: 0.441900 ms CreateObjectMapping: 0.592600 ms MarkObjects: 2.748900 ms  DeleteObjects: 0.028300 ms)

========================================================================
Received Prepare
Registering precompiled user dll's ...
Registered in 0.007953 seconds.
Begin MonoManager ReloadAssembly
Native extension for WindowsStandalone target not found
Refreshing native plugins compatible for Editor in 0.89 ms, found 2 plugins.
Preloading 0 native plugins for Editor in 0.00 ms.
Mono: successfully reloaded assembly
- Completed reload, in  2.182 seconds
Platform modules already initialized, skipping
Shader 'Universal Render Pipeline/Particles/Lit': fallback shader 'Universal Render Pipeline/Particles/SimpleLit' not found
Refreshing native plugins compatible for Editor in 0.56 ms, found 2 plugins.
Preloading 0 native plugins for Editor in 0.00 ms.
Unloading 2656 Unused Serialized files (Serialized files now loaded: 0)
System memory in use before: 117.9 MB.
System memory in use after: 118.1 MB.

Unloading 14 unused Assets to reduce memory usage. Loaded Objects now: 3305.
Total: 2.740300 ms (FindLiveObjects: 0.306700 ms CreateObjectMapping: 0.139100 ms MarkObjects: 2.263100 ms  DeleteObjects: 0.030100 ms)

========================================================================
Received Prepare
Registering precompiled user dll's ...
Registered in 0.013212 seconds.
Begin MonoManager ReloadAssembly
Native extension for WindowsStandalone target not found
Refreshing native plugins compatible for Editor in 0.53 ms, found 2 plugins.
Preloading 0 native plugins for Editor in 0.00 ms.
Mono: successfully reloaded assembly
- Completed reload, in  1.659 seconds
Platform modules already initialized, skipping
Shader 'Universal Render Pipeline/Particles/Lit': fallback shader 'Universal Render Pipeline/Particles/SimpleLit' not found
Refreshing native plugins compatible for Editor in 0.62 ms, found 2 plugins.
Preloading 0 native plugins for Editor in 0.00 ms.
Unloading 2656 Unused Serialized files (Serialized files now loaded: 0)
System memory in use before: 117.9 MB.
System memory in use after: 118.2 MB.

Unloading 14 unused Assets to reduce memory usage. Loaded Objects now: 3308.
Total: 3.390800 ms (FindLiveObjects: 0.554400 ms CreateObjectMapping: 0.247600 ms MarkObjects: 2.565200 ms  DeleteObjects: 0.022200 ms)

========================================================================
Received Prepare
Registering precompiled user dll's ...
Registered in 0.008327 seconds.
Begin MonoManager ReloadAssembly
Native extension for WindowsStandalone target not found
Refreshing native plugins compatible for Editor in 0.56 ms, found 2 plugins.
Preloading 0 native plugins for Editor in 0.00 ms.
Mono: successfully reloaded assembly
- Completed reload, in  1.245 seconds
Platform modules already initialized, skipping
Shader 'Universal Render Pipeline/Particles/Lit': fallback shader 'Universal Render Pipeline/Particles/SimpleLit' not found
Refreshing native plugins compatible for Editor in 0.48 ms, found 2 plugins.
Preloading 0 native plugins for Editor in 0.00 ms.
Unloading 2656 Unused Serialized files (Serialized files now loaded: 0)
System memory in use before: 117.9 MB.
System memory in use after: 118.2 MB.

Unloading 14 unused Assets to reduce memory usage. Loaded Objects now: 3311.
Total: 2.479100 ms (FindLiveObjects: 0.286600 ms CreateObjectMapping: 0.141000 ms MarkObjects: 2.030900 ms  DeleteObjects: 0.019600 ms)

========================================================================
Received Prepare
Registering precompiled user dll's ...
Registered in 0.007324 seconds.
Begin MonoManager ReloadAssembly
Native extension for WindowsStandalone target not found
Refreshing native plugins compatible for Editor in 0.60 ms, found 2 plugins.
Preloading 0 native plugins for Editor in 0.00 ms.
Mono: successfully reloaded assembly
- Completed reload, in  1.428 seconds
Platform modules already initialized, skipping
Shader 'Universal Render Pipeline/Particles/Lit': fallback shader 'Universal Render Pipeline/Particles/SimpleLit' not found
Refreshing native plugins compatible for Editor in 0.99 ms, found 2 plugins.
Preloading 0 native plugins for Editor in 0.00 ms.
Unloading 2656 Unused Serialized files (Serialized files now loaded: 0)
System memory in use before: 117.9 MB.
System memory in use after: 118.2 MB.

Unloading 14 unused Assets to reduce memory usage. Loaded Objects now: 3314.
Total: 3.562100 ms (FindLiveObjects: 0.355100 ms CreateObjectMapping: 0.158300 ms MarkObjects: 3.020100 ms  DeleteObjects: 0.026700 ms)

========================================================================
Received Prepare
Registering precompiled user dll's ...
Registered in 0.008192 seconds.
Begin MonoManager ReloadAssembly
Native extension for WindowsStandalone target not found
Refreshing native plugins compatible for Editor in 0.56 ms, found 2 plugins.
Preloading 0 native plugins for Editor in 0.00 ms.
Mono: successfully reloaded assembly
- Completed reload, in  1.260 seconds
Platform modules already initialized, skipping
Shader 'Universal Render Pipeline/Particles/Lit': fallback shader 'Universal Render Pipeline/Particles/SimpleLit' not found
Refreshing native plugins compatible for Editor in 0.50 ms, found 2 plugins.
Preloading 0 native plugins for Editor in 0.00 ms.
Unloading 2656 Unused Serialized files (Serialized files now loaded: 0)
System memory in use before: 117.9 MB.
System memory in use after: 118.2 MB.

Unloading 14 unused Assets to reduce memory usage. Loaded Objects now: 3317.
Total: 3.297600 ms (FindLiveObjects: 0.339400 ms CreateObjectMapping: 0.168700 ms MarkObjects: 2.764100 ms  DeleteObjects: 0.023800 ms)

========================================================================
Received Prepare
Registering precompiled user dll's ...
Registered in 0.007158 seconds.
Begin MonoManager ReloadAssembly
Native extension for WindowsStandalone target not found
Refreshing native plugins compatible for Editor in 0.53 ms, found 2 plugins.
Preloading 0 native plugins for Editor in 0.00 ms.
Mono: successfully reloaded assembly
- Completed reload, in  1.245 seconds
Platform modules already initialized, skipping
Shader 'Universal Render Pipeline/Particles/Lit': fallback shader 'Universal Render Pipeline/Particles/SimpleLit' not found
Refreshing native plugins compatible for Editor in 0.62 ms, found 2 plugins.
Preloading 0 native plugins for Editor in 0.00 ms.
Unloading 2656 Unused Serialized files (Serialized files now loaded: 0)
System memory in use before: 118.0 MB.
System memory in use after: 118.2 MB.

Unloading 14 unused Assets to reduce memory usage. Loaded Objects now: 3320.
Total: 2.674400 ms (FindLiveObjects: 0.349700 ms CreateObjectMapping: 0.162500 ms MarkObjects: 2.135900 ms  DeleteObjects: 0.025000 ms)

========================================================================
Received Prepare
Registering precompiled user dll's ...
Registered in 0.008854 seconds.
Begin MonoManager ReloadAssembly
Native extension for WindowsStandalone target not found
Refreshing native plugins compatible for Editor in 0.49 ms, found 2 plugins.
Preloading 0 native plugins for Editor in 0.00 ms.
Mono: successfully reloaded assembly
- Completed reload, in  1.258 seconds
Platform modules already initialized, skipping
Shader 'Universal Render Pipeline/Particles/Lit': fallback shader 'Universal Render Pipeline/Particles/SimpleLit' not found
Refreshing native plugins compatible for Editor in 0.49 ms, found 2 plugins.
Preloading 0 native plugins for Editor in 0.00 ms.
Unloading 2656 Unused Serialized files (Serialized files now loaded: 0)
System memory in use before: 118.0 MB.
System memory in use after: 118.2 MB.

Unloading 14 unused Assets to reduce memory usage. Loaded Objects now: 3323.
Total: 2.960300 ms (FindLiveObjects: 0.272700 ms CreateObjectMapping: 0.126500 ms MarkObjects: 2.524600 ms  DeleteObjects: 0.034800 ms)

========================================================================
Received Prepare
Registering precompiled user dll's ...
Registered in 0.009726 seconds.
Begin MonoManager ReloadAssembly
Native extension for WindowsStandalone target not found
Refreshing native plugins compatible for Editor in 0.55 ms, found 2 plugins.
Preloading 0 native plugins for Editor in 0.00 ms.
Mono: successfully reloaded assembly
- Completed reload, in  1.485 seconds
Platform modules already initialized, skipping
Shader 'Universal Render Pipeline/Particles/Lit': fallback shader 'Universal Render Pipeline/Particles/SimpleLit' not found
Refreshing native plugins compatible for Editor in 0.54 ms, found 2 plugins.
Preloading 0 native plugins for Editor in 0.00 ms.
Unloading 2656 Unused Serialized files (Serialized files now loaded: 0)
System memory in use before: 118.0 MB.
System memory in use after: 118.2 MB.

Unloading 14 unused Assets to reduce memory usage. Loaded Objects now: 3326.
Total: 3.553600 ms (FindLiveObjects: 0.319000 ms CreateObjectMapping: 0.147700 ms MarkObjects: 3.061800 ms  DeleteObjects: 0.024000 ms)

========================================================================
Received Prepare
Registering precompiled user dll's ...
Registered in 0.010746 seconds.
Begin MonoManager ReloadAssembly
Native extension for WindowsStandalone target not found
Refreshing native plugins compatible for Editor in 0.49 ms, found 2 plugins.
Preloading 0 native plugins for Editor in 0.00 ms.
Mono: successfully reloaded assembly
- Completed reload, in  1.196 seconds
Platform modules already initialized, skipping
Shader 'Universal Render Pipeline/Particles/Lit': fallback shader 'Universal Render Pipeline/Particles/SimpleLit' not found
Refreshing native plugins compatible for Editor in 0.48 ms, found 2 plugins.
Preloading 0 native plugins for Editor in 0.00 ms.
Unloading 2656 Unused Serialized files (Serialized files now loaded: 0)
System memory in use before: 118.0 MB.
System memory in use after: 118.2 MB.

Unloading 14 unused Assets to reduce memory usage. Loaded Objects now: 3329.
Total: 3.943100 ms (FindLiveObjects: 0.565000 ms CreateObjectMapping: 0.265800 ms MarkObjects: 3.087400 ms  DeleteObjects: 0.023300 ms)

========================================================================
Received Prepare
Registering precompiled user dll's ...
Registered in 0.008164 seconds.
Begin MonoManager ReloadAssembly
Native extension for WindowsStandalone target not found
Refreshing native plugins compatible for Editor in 0.62 ms, found 2 plugins.
Preloading 0 native plugins for Editor in 0.00 ms.
Mono: successfully reloaded assembly
- Completed reload, in  1.816 seconds
Platform modules already initialized, skipping
Shader 'Universal Render Pipeline/Particles/Lit': fallback shader 'Universal Render Pipeline/Particles/SimpleLit' not found
Refreshing native plugins compatible for Editor in 0.54 ms, found 2 plugins.
Preloading 0 native plugins for Editor in 0.00 ms.
Unloading 2656 Unused Serialized files (Serialized files now loaded: 0)
System memory in use before: 118.1 MB.
System memory in use after: 118.3 MB.

Unloading 14 unused Assets to reduce memory usage. Loaded Objects now: 3332.
Total: 3.268700 ms (FindLiveObjects: 0.438900 ms CreateObjectMapping: 0.198500 ms MarkObjects: 2.601400 ms  DeleteObjects: 0.028000 ms)

========================================================================
Received Prepare
Registering precompiled user dll's ...
Registered in 0.012248 seconds.
Begin MonoManager ReloadAssembly
Native extension for WindowsStandalone target not found
Refreshing native plugins compatible for Editor in 0.55 ms, found 2 plugins.
Preloading 0 native plugins for Editor in 0.00 ms.
Mono: successfully reloaded assembly
- Completed reload, in  2.430 seconds
Platform modules already initialized, skipping
Shader 'Universal Render Pipeline/Particles/Lit': fallback shader 'Universal Render Pipeline/Particles/SimpleLit' not found
Refreshing native plugins compatible for Editor in 0.72 ms, found 2 plugins.
Preloading 0 native plugins for Editor in 0.00 ms.
Unloading 2656 Unused Serialized files (Serialized files now loaded: 0)
System memory in use before: 118.1 MB.
System memory in use after: 118.3 MB.

Unloading 14 unused Assets to reduce memory usage. Loaded Objects now: 3335.
Total: 9.274300 ms (FindLiveObjects: 2.093500 ms CreateObjectMapping: 0.336500 ms MarkObjects: 6.811900 ms  DeleteObjects: 0.030400 ms)

========================================================================
Received Prepare
Registering precompiled user dll's ...
Registered in 0.014921 seconds.
Begin MonoManager ReloadAssembly
Native extension for WindowsStandalone target not found
Refreshing native plugins compatible for Editor in 3.32 ms, found 2 plugins.
Preloading 0 native plugins for Editor in 0.00 ms.
Mono: successfully reloaded assembly
- Completed reload, in  2.267 seconds
Platform modules already initialized, skipping
Shader 'Universal Render Pipeline/Particles/Lit': fallback shader 'Universal Render Pipeline/Particles/SimpleLit' not found
Refreshing native plugins compatible for Editor in 0.49 ms, found 2 plugins.
Preloading 0 native plugins for Editor in 0.00 ms.
Unloading 2656 Unused Serialized files (Serialized files now loaded: 0)
System memory in use before: 118.1 MB.
System memory in use after: 118.3 MB.

Unloading 14 unused Assets to reduce memory usage. Loaded Objects now: 3338.
Total: 4.627500 ms (FindLiveObjects: 0.336600 ms CreateObjectMapping: 0.230400 ms MarkObjects: 4.011500 ms  DeleteObjects: 0.047400 ms)

========================================================================
Received Prepare
Registering precompiled user dll's ...
Registered in 0.055734 seconds.
Begin MonoManager ReloadAssembly
Native extension for WindowsStandalone target not found
Refreshing native plugins compatible for Editor in 1.52 ms, found 2 plugins.
Preloading 0 native plugins for Editor in 0.00 ms.
Mono: successfully reloaded assembly
- Completed reload, in  2.652 seconds
Platform modules already initialized, skipping
Shader 'Universal Render Pipeline/Particles/Lit': fallback shader 'Universal Render Pipeline/Particles/SimpleLit' not found
Refreshing native plugins compatible for Editor in 1.42 ms, found 2 plugins.
Preloading 0 native plugins for Editor in 0.00 ms.
Unloading 2656 Unused Serialized files (Serialized files now loaded: 0)
System memory in use before: 118.1 MB.
System memory in use after: 118.3 MB.

Unloading 14 unused Assets to reduce memory usage. Loaded Objects now: 3341.
Total: 15.783800 ms (FindLiveObjects: 1.006200 ms CreateObjectMapping: 1.239400 ms MarkObjects: 13.391700 ms  DeleteObjects: 0.143600 ms)

========================================================================
Received Import Request.
  Time since last request: 6054.050433 seconds.
  path: Assets/Art/Palette
  artifactKey: Guid(c1b64a1afdbc7a74f8f9fb9cf7857b31) Importer(815301076,1909f56bfc062723c751e8b465ee728b)
Start importing Assets/Art/Palette using Guid(c1b64a1afdbc7a74f8f9fb9cf7857b31) Importer(815301076,1909f56bfc062723c751e8b465ee728b)  -> (artifact id: '67193f92a8757cf87d21bb9bdedd54e6') in 0.087208 seconds
  Import took 0.138886 seconds .

========================================================================
Received Import Request.
  Time since last request: 0.212561 seconds.
  path: Assets/Art/Palette/Placeholder.asset
  artifactKey: Guid(00311b6a186bdc44db4eb211d5675302) Importer(815301076,1909f56bfc062723c751e8b465ee728b)
Start importing Assets/Art/Palette/Placeholder.asset using Guid(00311b6a186bdc44db4eb211d5675302) Importer(815301076,1909f56bfc062723c751e8b465ee728b)  -> (artifact id: 'c7d9f83e0ff9a0a631b8ff50ec155db1') in 1.254614 seconds
  Import took 1.397429 seconds .

========================================================================
Received Import Request.
  Time since last request: 0.000274 seconds.
  path: Assets/Art/Palette/Placeholder.prefab
  artifactKey: Guid(25042f859f418cb4d87571384974df71) Importer(815301076,1909f56bfc062723c751e8b465ee728b)
Start importing Assets/Art/Palette/Placeholder.prefab using Guid(25042f859f418cb4d87571384974df71) Importer(815301076,1909f56bfc062723c751e8b465ee728b)  -> (artifact id: '5ae180e23ff492c9585df6dd8bcfd1bb') in 0.071192 seconds
  Import took 0.194606 seconds .

AssetImportWorkerClient::OnTransportError - code=2 error=End of file
